ERROR - 2025-07-01 02:40:57 --> Column 'judul' cannot be null
CRITICAL - 2025-07-01 02:40:57 --> Column 'judul' cannot be null
#0 C:\xampp\htdocs\Lab11_ci\ci4\system\Database\MySQLi\Connection.php(292): mysqli->query('INSERT INTO `ar...', 0)
#1 C:\xampp\htdocs\Lab11_ci\ci4\system\Database\BaseConnection.php(670): CodeIgniter\Database\MySQLi\Connection->execute('INSERT INTO `ar...')
#2 C:\xampp\htdocs\Lab11_ci\ci4\system\Database\BaseConnection.php(598): CodeIgniter\Database\BaseConnection->simpleQuery('INSERT INTO `ar...')
#3 C:\xampp\htdocs\Lab11_ci\ci4\system\Database\BaseBuilder.php(1771): CodeIgniter\Database\BaseConnection->query('INSERT INTO `ar...', Array, false)
#4 C:\xampp\htdocs\Lab11_ci\ci4\system\Model.php(239): CodeIgniter\Database\BaseBuilder->insert()
#5 C:\xampp\htdocs\Lab11_ci\ci4\system\BaseModel.php(738): CodeIgniter\Model->doInsert(Array)
#6 C:\xampp\htdocs\Lab11_ci\ci4\system\Model.php(625): CodeIgniter\BaseModel->insert(Array, true)
#7 C:\xampp\htdocs\Lab11_ci\ci4\app\Controllers\Post.php(27): CodeIgniter\Model->insert(Array)
#8 C:\xampp\htdocs\Lab11_ci\ci4\system\CodeIgniter.php(832): App\Controllers\Post->create()
#9 C:\xampp\htdocs\Lab11_ci\ci4\system\CodeIgniter.php(419): CodeIgniter\CodeIgniter->runController(Object(App\Controllers\Post))
#10 C:\xampp\htdocs\Lab11_ci\ci4\system\CodeIgniter.php(326): CodeIgniter\CodeIgniter->handleRequest(NULL, Object(Config\Cache), false)
#11 C:\xampp\htdocs\Lab11_ci\ci4\public\index.php(37): CodeIgniter\CodeIgniter->run()
#12 C:\xampp\htdocs\Lab11_ci\ci4\system\Commands\Server\rewrite.php(43): require_once('C:\\xampp\\htdocs...')
#13 {main}
CRITICAL - 2025-07-01 02:58:17 --> substr(): Passing null to parameter #1 ($string) of type string is deprecated
#0 [internal function]: CodeIgniter\Debug\Exceptions->errorHandler(8192, 'substr(): Passi...', 'C:\\xampp\\htdocs...', 8)
#1 C:\xampp\htdocs\Lab11_ci\ci4\app\Views\artikel\index.php(8): substr(NULL, 0, 1000)
#2 C:\xampp\htdocs\Lab11_ci\ci4\system\View\View.php(210): include('C:\\xampp\\htdocs...')
#3 C:\xampp\htdocs\Lab11_ci\ci4\system\View\View.php(213): CodeIgniter\View\View->CodeIgniter\View\{closure}()
#4 C:\xampp\htdocs\Lab11_ci\ci4\system\Common.php(1089): CodeIgniter\View\View->render('artikel/index', Array, true)
#5 C:\xampp\htdocs\Lab11_ci\ci4\app\Controllers\Artikel.php(15): view('artikel/index', Array)
#6 C:\xampp\htdocs\Lab11_ci\ci4\system\CodeIgniter.php(832): App\Controllers\Artikel->index()
#7 C:\xampp\htdocs\Lab11_ci\ci4\system\CodeIgniter.php(419): CodeIgniter\CodeIgniter->runController(Object(App\Controllers\Artikel))
#8 C:\xampp\htdocs\Lab11_ci\ci4\system\CodeIgniter.php(326): CodeIgniter\CodeIgniter->handleRequest(NULL, Object(Config\Cache), false)
#9 C:\xampp\htdocs\Lab11_ci\ci4\public\index.php(37): CodeIgniter\CodeIgniter->run()
#10 C:\xampp\htdocs\Lab11_ci\ci4\system\Commands\Server\rewrite.php(43): require_once('C:\\xampp\\htdocs...')
#11 {main}
