CRITICAL - 2025-06-26 01:34:26 --> substr(): Passing null to parameter #1 ($string) of type string is deprecated
#0 [internal function]: CodeIgniter\Debug\Exceptions->errorHandler(8192, 'substr(): Passi...', 'C:\\xampp\\htdocs...', 8)
#1 C:\xampp\htdocs\Lab12_ci\ci4\app\Views\artikel\index.php(8): substr(NULL, 0, 1000)
#2 C:\xampp\htdocs\Lab12_ci\ci4\system\View\View.php(210): include('C:\\xampp\\htdocs...')
#3 C:\xampp\htdocs\Lab12_ci\ci4\system\View\View.php(213): CodeIgniter\View\View->CodeIgniter\View\{closure}()
#4 C:\xampp\htdocs\Lab12_ci\ci4\system\Common.php(1089): CodeIgniter\View\View->render('artikel/index', Array, true)
#5 C:\xampp\htdocs\Lab12_ci\ci4\app\Controllers\Artikel.php(15): view('artikel/index', Array)
#6 C:\xampp\htdocs\Lab12_ci\ci4\system\CodeIgniter.php(832): App\Controllers\Artikel->index()
#7 C:\xampp\htdocs\Lab12_ci\ci4\system\CodeIgniter.php(419): CodeIgniter\CodeIgniter->runController(Object(App\Controllers\Artikel))
#8 C:\xampp\htdocs\Lab12_ci\ci4\system\CodeIgniter.php(326): CodeIgniter\CodeIgniter->handleRequest(NULL, Object(Config\Cache), false)
#9 C:\xampp\htdocs\Lab12_ci\ci4\public\index.php(37): CodeIgniter\CodeIgniter->run()
#10 C:\xampp\htdocs\Lab12_ci\ci4\system\Commands\Server\rewrite.php(43): require_once('C:\\xampp\\htdocs...')
#11 {main}
CRITICAL - 2025-06-26 01:34:34 --> substr(): Passing null to parameter #1 ($string) of type string is deprecated
#0 [internal function]: CodeIgniter\Debug\Exceptions->errorHandler(8192, 'substr(): Passi...', 'C:\\xampp\\htdocs...', 8)
#1 C:\xampp\htdocs\Lab12_ci\ci4\app\Views\artikel\index.php(8): substr(NULL, 0, 1000)
#2 C:\xampp\htdocs\Lab12_ci\ci4\system\View\View.php(210): include('C:\\xampp\\htdocs...')
#3 C:\xampp\htdocs\Lab12_ci\ci4\system\View\View.php(213): CodeIgniter\View\View->CodeIgniter\View\{closure}()
#4 C:\xampp\htdocs\Lab12_ci\ci4\system\Common.php(1089): CodeIgniter\View\View->render('artikel/index', Array, true)
#5 C:\xampp\htdocs\Lab12_ci\ci4\app\Controllers\Artikel.php(15): view('artikel/index', Array)
#6 C:\xampp\htdocs\Lab12_ci\ci4\system\CodeIgniter.php(832): App\Controllers\Artikel->index()
#7 C:\xampp\htdocs\Lab12_ci\ci4\system\CodeIgniter.php(419): CodeIgniter\CodeIgniter->runController(Object(App\Controllers\Artikel))
#8 C:\xampp\htdocs\Lab12_ci\ci4\system\CodeIgniter.php(326): CodeIgniter\CodeIgniter->handleRequest(NULL, Object(Config\Cache), false)
#9 C:\xampp\htdocs\Lab12_ci\ci4\public\index.php(37): CodeIgniter\CodeIgniter->run()
#10 C:\xampp\htdocs\Lab12_ci\ci4\system\Commands\Server\rewrite.php(43): require_once('C:\\xampp\\htdocs...')
#11 {main}
CRITICAL - 2025-06-26 01:35:23 --> substr(): Passing null to parameter #1 ($string) of type string is deprecated
#0 [internal function]: CodeIgniter\Debug\Exceptions->errorHandler(8192, 'substr(): Passi...', 'C:\\xampp\\htdocs...', 23)
#1 C:\xampp\htdocs\Lab12_ci\ci4\app\Views\artikel\admin_index.php(23): substr(NULL, 0, 50)
#2 C:\xampp\htdocs\Lab12_ci\ci4\system\View\View.php(210): include('C:\\xampp\\htdocs...')
#3 C:\xampp\htdocs\Lab12_ci\ci4\system\View\View.php(213): CodeIgniter\View\View->CodeIgniter\View\{closure}()
#4 C:\xampp\htdocs\Lab12_ci\ci4\system\Common.php(1089): CodeIgniter\View\View->render('artikel/admin_i...', Array, true)
#5 C:\xampp\htdocs\Lab12_ci\ci4\app\Controllers\Artikel.php(43): view('artikel/admin_i...', Array)
#6 C:\xampp\htdocs\Lab12_ci\ci4\system\CodeIgniter.php(832): App\Controllers\Artikel->admin_index()
#7 C:\xampp\htdocs\Lab12_ci\ci4\system\CodeIgniter.php(419): CodeIgniter\CodeIgniter->runController(Object(App\Controllers\Artikel))
#8 C:\xampp\htdocs\Lab12_ci\ci4\system\CodeIgniter.php(326): CodeIgniter\CodeIgniter->handleRequest(NULL, Object(Config\Cache), false)
#9 C:\xampp\htdocs\Lab12_ci\ci4\public\index.php(37): CodeIgniter\CodeIgniter->run()
#10 C:\xampp\htdocs\Lab12_ci\ci4\system\Commands\Server\rewrite.php(43): require_once('C:\\xampp\\htdocs...')
#11 {main}
CRITICAL - 2025-06-26 01:36:40 --> substr(): Passing null to parameter #1 ($string) of type string is deprecated
#0 [internal function]: CodeIgniter\Debug\Exceptions->errorHandler(8192, 'substr(): Passi...', 'C:\\xampp\\htdocs...', 23)
#1 C:\xampp\htdocs\Lab12_ci\ci4\app\Views\artikel\admin_index.php(23): substr(NULL, 0, 50)
#2 C:\xampp\htdocs\Lab12_ci\ci4\system\View\View.php(210): include('C:\\xampp\\htdocs...')
#3 C:\xampp\htdocs\Lab12_ci\ci4\system\View\View.php(213): CodeIgniter\View\View->CodeIgniter\View\{closure}()
#4 C:\xampp\htdocs\Lab12_ci\ci4\system\Common.php(1089): CodeIgniter\View\View->render('artikel/admin_i...', Array, true)
#5 C:\xampp\htdocs\Lab12_ci\ci4\app\Controllers\Artikel.php(43): view('artikel/admin_i...', Array)
#6 C:\xampp\htdocs\Lab12_ci\ci4\system\CodeIgniter.php(832): App\Controllers\Artikel->admin_index()
#7 C:\xampp\htdocs\Lab12_ci\ci4\system\CodeIgniter.php(419): CodeIgniter\CodeIgniter->runController(Object(App\Controllers\Artikel))
#8 C:\xampp\htdocs\Lab12_ci\ci4\system\CodeIgniter.php(326): CodeIgniter\CodeIgniter->handleRequest(NULL, Object(Config\Cache), false)
#9 C:\xampp\htdocs\Lab12_ci\ci4\public\index.php(37): CodeIgniter\CodeIgniter->run()
#10 C:\xampp\htdocs\Lab12_ci\ci4\system\Commands\Server\rewrite.php(43): require_once('C:\\xampp\\htdocs...')
#11 {main}
CRITICAL - 2025-06-26 01:36:40 --> substr(): Passing null to parameter #1 ($string) of type string is deprecated
#0 [internal function]: CodeIgniter\Debug\Exceptions->errorHandler(8192, 'substr(): Passi...', 'C:\\xampp\\htdocs...', 23)
#1 C:\xampp\htdocs\Lab12_ci\ci4\app\Views\artikel\admin_index.php(23): substr(NULL, 0, 50)
#2 C:\xampp\htdocs\Lab12_ci\ci4\system\View\View.php(210): include('C:\\xampp\\htdocs...')
#3 C:\xampp\htdocs\Lab12_ci\ci4\system\View\View.php(213): CodeIgniter\View\View->CodeIgniter\View\{closure}()
#4 C:\xampp\htdocs\Lab12_ci\ci4\system\Common.php(1089): CodeIgniter\View\View->render('artikel/admin_i...', Array, true)
#5 C:\xampp\htdocs\Lab12_ci\ci4\app\Controllers\Artikel.php(43): view('artikel/admin_i...', Array)
#6 C:\xampp\htdocs\Lab12_ci\ci4\system\CodeIgniter.php(832): App\Controllers\Artikel->admin_index()
#7 C:\xampp\htdocs\Lab12_ci\ci4\system\CodeIgniter.php(419): CodeIgniter\CodeIgniter->runController(Object(App\Controllers\Artikel))
#8 C:\xampp\htdocs\Lab12_ci\ci4\system\CodeIgniter.php(326): CodeIgniter\CodeIgniter->handleRequest(NULL, Object(Config\Cache), false)
#9 C:\xampp\htdocs\Lab12_ci\ci4\public\index.php(37): CodeIgniter\CodeIgniter->run()
#10 C:\xampp\htdocs\Lab12_ci\ci4\system\Commands\Server\rewrite.php(43): require_once('C:\\xampp\\htdocs...')
#11 {main}
CRITICAL - 2025-06-26 01:36:40 --> substr(): Passing null to parameter #1 ($string) of type string is deprecated
#0 [internal function]: CodeIgniter\Debug\Exceptions->errorHandler(8192, 'substr(): Passi...', 'C:\\xampp\\htdocs...', 23)
#1 C:\xampp\htdocs\Lab12_ci\ci4\app\Views\artikel\admin_index.php(23): substr(NULL, 0, 50)
#2 C:\xampp\htdocs\Lab12_ci\ci4\system\View\View.php(210): include('C:\\xampp\\htdocs...')
#3 C:\xampp\htdocs\Lab12_ci\ci4\system\View\View.php(213): CodeIgniter\View\View->CodeIgniter\View\{closure}()
#4 C:\xampp\htdocs\Lab12_ci\ci4\system\Common.php(1089): CodeIgniter\View\View->render('artikel/admin_i...', Array, true)
#5 C:\xampp\htdocs\Lab12_ci\ci4\app\Controllers\Artikel.php(43): view('artikel/admin_i...', Array)
#6 C:\xampp\htdocs\Lab12_ci\ci4\system\CodeIgniter.php(832): App\Controllers\Artikel->admin_index()
#7 C:\xampp\htdocs\Lab12_ci\ci4\system\CodeIgniter.php(419): CodeIgniter\CodeIgniter->runController(Object(App\Controllers\Artikel))
#8 C:\xampp\htdocs\Lab12_ci\ci4\system\CodeIgniter.php(326): CodeIgniter\CodeIgniter->handleRequest(NULL, Object(Config\Cache), false)
#9 C:\xampp\htdocs\Lab12_ci\ci4\public\index.php(37): CodeIgniter\CodeIgniter->run()
#10 C:\xampp\htdocs\Lab12_ci\ci4\system\Commands\Server\rewrite.php(43): require_once('C:\\xampp\\htdocs...')
#11 {main}
CRITICAL - 2025-06-26 01:36:40 --> substr(): Passing null to parameter #1 ($string) of type string is deprecated
#0 [internal function]: CodeIgniter\Debug\Exceptions->errorHandler(8192, 'substr(): Passi...', 'C:\\xampp\\htdocs...', 23)
#1 C:\xampp\htdocs\Lab12_ci\ci4\app\Views\artikel\admin_index.php(23): substr(NULL, 0, 50)
#2 C:\xampp\htdocs\Lab12_ci\ci4\system\View\View.php(210): include('C:\\xampp\\htdocs...')
#3 C:\xampp\htdocs\Lab12_ci\ci4\system\View\View.php(213): CodeIgniter\View\View->CodeIgniter\View\{closure}()
#4 C:\xampp\htdocs\Lab12_ci\ci4\system\Common.php(1089): CodeIgniter\View\View->render('artikel/admin_i...', Array, true)
#5 C:\xampp\htdocs\Lab12_ci\ci4\app\Controllers\Artikel.php(43): view('artikel/admin_i...', Array)
#6 C:\xampp\htdocs\Lab12_ci\ci4\system\CodeIgniter.php(832): App\Controllers\Artikel->admin_index()
#7 C:\xampp\htdocs\Lab12_ci\ci4\system\CodeIgniter.php(419): CodeIgniter\CodeIgniter->runController(Object(App\Controllers\Artikel))
#8 C:\xampp\htdocs\Lab12_ci\ci4\system\CodeIgniter.php(326): CodeIgniter\CodeIgniter->handleRequest(NULL, Object(Config\Cache), false)
#9 C:\xampp\htdocs\Lab12_ci\ci4\public\index.php(37): CodeIgniter\CodeIgniter->run()
#10 C:\xampp\htdocs\Lab12_ci\ci4\system\Commands\Server\rewrite.php(43): require_once('C:\\xampp\\htdocs...')
#11 {main}
CRITICAL - 2025-06-26 01:36:40 --> substr(): Passing null to parameter #1 ($string) of type string is deprecated
#0 [internal function]: CodeIgniter\Debug\Exceptions->errorHandler(8192, 'substr(): Passi...', 'C:\\xampp\\htdocs...', 23)
#1 C:\xampp\htdocs\Lab12_ci\ci4\app\Views\artikel\admin_index.php(23): substr(NULL, 0, 50)
#2 C:\xampp\htdocs\Lab12_ci\ci4\system\View\View.php(210): include('C:\\xampp\\htdocs...')
#3 C:\xampp\htdocs\Lab12_ci\ci4\system\View\View.php(213): CodeIgniter\View\View->CodeIgniter\View\{closure}()
#4 C:\xampp\htdocs\Lab12_ci\ci4\system\Common.php(1089): CodeIgniter\View\View->render('artikel/admin_i...', Array, true)
#5 C:\xampp\htdocs\Lab12_ci\ci4\app\Controllers\Artikel.php(43): view('artikel/admin_i...', Array)
#6 C:\xampp\htdocs\Lab12_ci\ci4\system\CodeIgniter.php(832): App\Controllers\Artikel->admin_index()
#7 C:\xampp\htdocs\Lab12_ci\ci4\system\CodeIgniter.php(419): CodeIgniter\CodeIgniter->runController(Object(App\Controllers\Artikel))
#8 C:\xampp\htdocs\Lab12_ci\ci4\system\CodeIgniter.php(326): CodeIgniter\CodeIgniter->handleRequest(NULL, Object(Config\Cache), false)
#9 C:\xampp\htdocs\Lab12_ci\ci4\public\index.php(37): CodeIgniter\CodeIgniter->run()
#10 C:\xampp\htdocs\Lab12_ci\ci4\system\Commands\Server\rewrite.php(43): require_once('C:\\xampp\\htdocs...')
#11 {main}
CRITICAL - 2025-06-26 01:36:41 --> substr(): Passing null to parameter #1 ($string) of type string is deprecated
#0 [internal function]: CodeIgniter\Debug\Exceptions->errorHandler(8192, 'substr(): Passi...', 'C:\\xampp\\htdocs...', 23)
#1 C:\xampp\htdocs\Lab12_ci\ci4\app\Views\artikel\admin_index.php(23): substr(NULL, 0, 50)
#2 C:\xampp\htdocs\Lab12_ci\ci4\system\View\View.php(210): include('C:\\xampp\\htdocs...')
#3 C:\xampp\htdocs\Lab12_ci\ci4\system\View\View.php(213): CodeIgniter\View\View->CodeIgniter\View\{closure}()
#4 C:\xampp\htdocs\Lab12_ci\ci4\system\Common.php(1089): CodeIgniter\View\View->render('artikel/admin_i...', Array, true)
#5 C:\xampp\htdocs\Lab12_ci\ci4\app\Controllers\Artikel.php(43): view('artikel/admin_i...', Array)
#6 C:\xampp\htdocs\Lab12_ci\ci4\system\CodeIgniter.php(832): App\Controllers\Artikel->admin_index()
#7 C:\xampp\htdocs\Lab12_ci\ci4\system\CodeIgniter.php(419): CodeIgniter\CodeIgniter->runController(Object(App\Controllers\Artikel))
#8 C:\xampp\htdocs\Lab12_ci\ci4\system\CodeIgniter.php(326): CodeIgniter\CodeIgniter->handleRequest(NULL, Object(Config\Cache), false)
#9 C:\xampp\htdocs\Lab12_ci\ci4\public\index.php(37): CodeIgniter\CodeIgniter->run()
#10 C:\xampp\htdocs\Lab12_ci\ci4\system\Commands\Server\rewrite.php(43): require_once('C:\\xampp\\htdocs...')
#11 {main}
CRITICAL - 2025-06-26 01:36:51 --> substr(): Passing null to parameter #1 ($string) of type string is deprecated
#0 [internal function]: CodeIgniter\Debug\Exceptions->errorHandler(8192, 'substr(): Passi...', 'C:\\xampp\\htdocs...', 23)
#1 C:\xampp\htdocs\Lab12_ci\ci4\app\Views\artikel\admin_index.php(23): substr(NULL, 0, 50)
#2 C:\xampp\htdocs\Lab12_ci\ci4\system\View\View.php(210): include('C:\\xampp\\htdocs...')
#3 C:\xampp\htdocs\Lab12_ci\ci4\system\View\View.php(213): CodeIgniter\View\View->CodeIgniter\View\{closure}()
#4 C:\xampp\htdocs\Lab12_ci\ci4\system\Common.php(1089): CodeIgniter\View\View->render('artikel/admin_i...', Array, true)
#5 C:\xampp\htdocs\Lab12_ci\ci4\app\Controllers\Artikel.php(43): view('artikel/admin_i...', Array)
#6 C:\xampp\htdocs\Lab12_ci\ci4\system\CodeIgniter.php(832): App\Controllers\Artikel->admin_index()
#7 C:\xampp\htdocs\Lab12_ci\ci4\system\CodeIgniter.php(419): CodeIgniter\CodeIgniter->runController(Object(App\Controllers\Artikel))
#8 C:\xampp\htdocs\Lab12_ci\ci4\system\CodeIgniter.php(326): CodeIgniter\CodeIgniter->handleRequest(NULL, Object(Config\Cache), false)
#9 C:\xampp\htdocs\Lab12_ci\ci4\public\index.php(37): CodeIgniter\CodeIgniter->run()
#10 C:\xampp\htdocs\Lab12_ci\ci4\system\Commands\Server\rewrite.php(43): require_once('C:\\xampp\\htdocs...')
#11 {main}
CRITICAL - 2025-06-26 01:37:48 --> substr(): Passing null to parameter #1 ($string) of type string is deprecated
#0 [internal function]: CodeIgniter\Debug\Exceptions->errorHandler(8192, 'substr(): Passi...', 'C:\\xampp\\htdocs...', 23)
#1 C:\xampp\htdocs\Lab12_ci\ci4\app\Views\artikel\admin_index.php(23): substr(NULL, 0, 50)
#2 C:\xampp\htdocs\Lab12_ci\ci4\system\View\View.php(210): include('C:\\xampp\\htdocs...')
#3 C:\xampp\htdocs\Lab12_ci\ci4\system\View\View.php(213): CodeIgniter\View\View->CodeIgniter\View\{closure}()
#4 C:\xampp\htdocs\Lab12_ci\ci4\system\Common.php(1089): CodeIgniter\View\View->render('artikel/admin_i...', Array, true)
#5 C:\xampp\htdocs\Lab12_ci\ci4\app\Controllers\Artikel.php(43): view('artikel/admin_i...', Array)
#6 C:\xampp\htdocs\Lab12_ci\ci4\system\CodeIgniter.php(832): App\Controllers\Artikel->admin_index()
#7 C:\xampp\htdocs\Lab12_ci\ci4\system\CodeIgniter.php(419): CodeIgniter\CodeIgniter->runController(Object(App\Controllers\Artikel))
#8 C:\xampp\htdocs\Lab12_ci\ci4\system\CodeIgniter.php(326): CodeIgniter\CodeIgniter->handleRequest(NULL, Object(Config\Cache), false)
#9 C:\xampp\htdocs\Lab12_ci\ci4\public\index.php(37): CodeIgniter\CodeIgniter->run()
#10 C:\xampp\htdocs\Lab12_ci\ci4\system\Commands\Server\rewrite.php(43): require_once('C:\\xampp\\htdocs...')
#11 {main}
CRITICAL - 2025-06-26 01:37:48 --> substr(): Passing null to parameter #1 ($string) of type string is deprecated
#0 [internal function]: CodeIgniter\Debug\Exceptions->errorHandler(8192, 'substr(): Passi...', 'C:\\xampp\\htdocs...', 23)
#1 C:\xampp\htdocs\Lab12_ci\ci4\app\Views\artikel\admin_index.php(23): substr(NULL, 0, 50)
#2 C:\xampp\htdocs\Lab12_ci\ci4\system\View\View.php(210): include('C:\\xampp\\htdocs...')
#3 C:\xampp\htdocs\Lab12_ci\ci4\system\View\View.php(213): CodeIgniter\View\View->CodeIgniter\View\{closure}()
#4 C:\xampp\htdocs\Lab12_ci\ci4\system\Common.php(1089): CodeIgniter\View\View->render('artikel/admin_i...', Array, true)
#5 C:\xampp\htdocs\Lab12_ci\ci4\app\Controllers\Artikel.php(43): view('artikel/admin_i...', Array)
#6 C:\xampp\htdocs\Lab12_ci\ci4\system\CodeIgniter.php(832): App\Controllers\Artikel->admin_index()
#7 C:\xampp\htdocs\Lab12_ci\ci4\system\CodeIgniter.php(419): CodeIgniter\CodeIgniter->runController(Object(App\Controllers\Artikel))
#8 C:\xampp\htdocs\Lab12_ci\ci4\system\CodeIgniter.php(326): CodeIgniter\CodeIgniter->handleRequest(NULL, Object(Config\Cache), false)
#9 C:\xampp\htdocs\Lab12_ci\ci4\public\index.php(37): CodeIgniter\CodeIgniter->run()
#10 C:\xampp\htdocs\Lab12_ci\ci4\system\Commands\Server\rewrite.php(43): require_once('C:\\xampp\\htdocs...')
#11 {main}
CRITICAL - 2025-06-26 01:41:53 --> substr(): Passing null to parameter #1 ($string) of type string is deprecated
#0 [internal function]: CodeIgniter\Debug\Exceptions->errorHandler(8192, 'substr(): Passi...', 'C:\\xampp\\htdocs...', 23)
#1 C:\xampp\htdocs\Lab12_ci\ci4\app\Views\artikel\admin_index.php(23): substr(NULL, 0, 50)
#2 C:\xampp\htdocs\Lab12_ci\ci4\system\View\View.php(210): include('C:\\xampp\\htdocs...')
#3 C:\xampp\htdocs\Lab12_ci\ci4\system\View\View.php(213): CodeIgniter\View\View->CodeIgniter\View\{closure}()
#4 C:\xampp\htdocs\Lab12_ci\ci4\system\Common.php(1089): CodeIgniter\View\View->render('artikel/admin_i...', Array, true)
#5 C:\xampp\htdocs\Lab12_ci\ci4\app\Controllers\Artikel.php(43): view('artikel/admin_i...', Array)
#6 C:\xampp\htdocs\Lab12_ci\ci4\system\CodeIgniter.php(832): App\Controllers\Artikel->admin_index()
#7 C:\xampp\htdocs\Lab12_ci\ci4\system\CodeIgniter.php(419): CodeIgniter\CodeIgniter->runController(Object(App\Controllers\Artikel))
#8 C:\xampp\htdocs\Lab12_ci\ci4\system\CodeIgniter.php(326): CodeIgniter\CodeIgniter->handleRequest(NULL, Object(Config\Cache), false)
#9 C:\xampp\htdocs\Lab12_ci\ci4\public\index.php(37): CodeIgniter\CodeIgniter->run()
#10 C:\xampp\htdocs\Lab12_ci\ci4\system\Commands\Server\rewrite.php(43): require_once('C:\\xampp\\htdocs...')
#11 {main}
CRITICAL - 2025-06-26 01:41:53 --> substr(): Passing null to parameter #1 ($string) of type string is deprecated
#0 [internal function]: CodeIgniter\Debug\Exceptions->errorHandler(8192, 'substr(): Passi...', 'C:\\xampp\\htdocs...', 23)
#1 C:\xampp\htdocs\Lab12_ci\ci4\app\Views\artikel\admin_index.php(23): substr(NULL, 0, 50)
#2 C:\xampp\htdocs\Lab12_ci\ci4\system\View\View.php(210): include('C:\\xampp\\htdocs...')
#3 C:\xampp\htdocs\Lab12_ci\ci4\system\View\View.php(213): CodeIgniter\View\View->CodeIgniter\View\{closure}()
#4 C:\xampp\htdocs\Lab12_ci\ci4\system\Common.php(1089): CodeIgniter\View\View->render('artikel/admin_i...', Array, true)
#5 C:\xampp\htdocs\Lab12_ci\ci4\app\Controllers\Artikel.php(43): view('artikel/admin_i...', Array)
#6 C:\xampp\htdocs\Lab12_ci\ci4\system\CodeIgniter.php(832): App\Controllers\Artikel->admin_index()
#7 C:\xampp\htdocs\Lab12_ci\ci4\system\CodeIgniter.php(419): CodeIgniter\CodeIgniter->runController(Object(App\Controllers\Artikel))
#8 C:\xampp\htdocs\Lab12_ci\ci4\system\CodeIgniter.php(326): CodeIgniter\CodeIgniter->handleRequest(NULL, Object(Config\Cache), false)
#9 C:\xampp\htdocs\Lab12_ci\ci4\public\index.php(37): CodeIgniter\CodeIgniter->run()
#10 C:\xampp\htdocs\Lab12_ci\ci4\system\Commands\Server\rewrite.php(43): require_once('C:\\xampp\\htdocs...')
#11 {main}
CRITICAL - 2025-06-26 01:41:53 --> substr(): Passing null to parameter #1 ($string) of type string is deprecated
#0 [internal function]: CodeIgniter\Debug\Exceptions->errorHandler(8192, 'substr(): Passi...', 'C:\\xampp\\htdocs...', 23)
#1 C:\xampp\htdocs\Lab12_ci\ci4\app\Views\artikel\admin_index.php(23): substr(NULL, 0, 50)
#2 C:\xampp\htdocs\Lab12_ci\ci4\system\View\View.php(210): include('C:\\xampp\\htdocs...')
#3 C:\xampp\htdocs\Lab12_ci\ci4\system\View\View.php(213): CodeIgniter\View\View->CodeIgniter\View\{closure}()
#4 C:\xampp\htdocs\Lab12_ci\ci4\system\Common.php(1089): CodeIgniter\View\View->render('artikel/admin_i...', Array, true)
#5 C:\xampp\htdocs\Lab12_ci\ci4\app\Controllers\Artikel.php(43): view('artikel/admin_i...', Array)
#6 C:\xampp\htdocs\Lab12_ci\ci4\system\CodeIgniter.php(832): App\Controllers\Artikel->admin_index()
#7 C:\xampp\htdocs\Lab12_ci\ci4\system\CodeIgniter.php(419): CodeIgniter\CodeIgniter->runController(Object(App\Controllers\Artikel))
#8 C:\xampp\htdocs\Lab12_ci\ci4\system\CodeIgniter.php(326): CodeIgniter\CodeIgniter->handleRequest(NULL, Object(Config\Cache), false)
#9 C:\xampp\htdocs\Lab12_ci\ci4\public\index.php(37): CodeIgniter\CodeIgniter->run()
#10 C:\xampp\htdocs\Lab12_ci\ci4\system\Commands\Server\rewrite.php(43): require_once('C:\\xampp\\htdocs...')
#11 {main}
CRITICAL - 2025-06-26 01:41:53 --> substr(): Passing null to parameter #1 ($string) of type string is deprecated
#0 [internal function]: CodeIgniter\Debug\Exceptions->errorHandler(8192, 'substr(): Passi...', 'C:\\xampp\\htdocs...', 23)
#1 C:\xampp\htdocs\Lab12_ci\ci4\app\Views\artikel\admin_index.php(23): substr(NULL, 0, 50)
#2 C:\xampp\htdocs\Lab12_ci\ci4\system\View\View.php(210): include('C:\\xampp\\htdocs...')
#3 C:\xampp\htdocs\Lab12_ci\ci4\system\View\View.php(213): CodeIgniter\View\View->CodeIgniter\View\{closure}()
#4 C:\xampp\htdocs\Lab12_ci\ci4\system\Common.php(1089): CodeIgniter\View\View->render('artikel/admin_i...', Array, true)
#5 C:\xampp\htdocs\Lab12_ci\ci4\app\Controllers\Artikel.php(43): view('artikel/admin_i...', Array)
#6 C:\xampp\htdocs\Lab12_ci\ci4\system\CodeIgniter.php(832): App\Controllers\Artikel->admin_index()
#7 C:\xampp\htdocs\Lab12_ci\ci4\system\CodeIgniter.php(419): CodeIgniter\CodeIgniter->runController(Object(App\Controllers\Artikel))
#8 C:\xampp\htdocs\Lab12_ci\ci4\system\CodeIgniter.php(326): CodeIgniter\CodeIgniter->handleRequest(NULL, Object(Config\Cache), false)
#9 C:\xampp\htdocs\Lab12_ci\ci4\public\index.php(37): CodeIgniter\CodeIgniter->run()
#10 C:\xampp\htdocs\Lab12_ci\ci4\system\Commands\Server\rewrite.php(43): require_once('C:\\xampp\\htdocs...')
#11 {main}
CRITICAL - 2025-06-26 01:41:53 --> substr(): Passing null to parameter #1 ($string) of type string is deprecated
#0 [internal function]: CodeIgniter\Debug\Exceptions->errorHandler(8192, 'substr(): Passi...', 'C:\\xampp\\htdocs...', 23)
#1 C:\xampp\htdocs\Lab12_ci\ci4\app\Views\artikel\admin_index.php(23): substr(NULL, 0, 50)
#2 C:\xampp\htdocs\Lab12_ci\ci4\system\View\View.php(210): include('C:\\xampp\\htdocs...')
#3 C:\xampp\htdocs\Lab12_ci\ci4\system\View\View.php(213): CodeIgniter\View\View->CodeIgniter\View\{closure}()
#4 C:\xampp\htdocs\Lab12_ci\ci4\system\Common.php(1089): CodeIgniter\View\View->render('artikel/admin_i...', Array, true)
#5 C:\xampp\htdocs\Lab12_ci\ci4\app\Controllers\Artikel.php(43): view('artikel/admin_i...', Array)
#6 C:\xampp\htdocs\Lab12_ci\ci4\system\CodeIgniter.php(832): App\Controllers\Artikel->admin_index()
#7 C:\xampp\htdocs\Lab12_ci\ci4\system\CodeIgniter.php(419): CodeIgniter\CodeIgniter->runController(Object(App\Controllers\Artikel))
#8 C:\xampp\htdocs\Lab12_ci\ci4\system\CodeIgniter.php(326): CodeIgniter\CodeIgniter->handleRequest(NULL, Object(Config\Cache), false)
#9 C:\xampp\htdocs\Lab12_ci\ci4\public\index.php(37): CodeIgniter\CodeIgniter->run()
#10 C:\xampp\htdocs\Lab12_ci\ci4\system\Commands\Server\rewrite.php(43): require_once('C:\\xampp\\htdocs...')
#11 {main}
CRITICAL - 2025-06-26 01:41:54 --> substr(): Passing null to parameter #1 ($string) of type string is deprecated
#0 [internal function]: CodeIgniter\Debug\Exceptions->errorHandler(8192, 'substr(): Passi...', 'C:\\xampp\\htdocs...', 23)
#1 C:\xampp\htdocs\Lab12_ci\ci4\app\Views\artikel\admin_index.php(23): substr(NULL, 0, 50)
#2 C:\xampp\htdocs\Lab12_ci\ci4\system\View\View.php(210): include('C:\\xampp\\htdocs...')
#3 C:\xampp\htdocs\Lab12_ci\ci4\system\View\View.php(213): CodeIgniter\View\View->CodeIgniter\View\{closure}()
#4 C:\xampp\htdocs\Lab12_ci\ci4\system\Common.php(1089): CodeIgniter\View\View->render('artikel/admin_i...', Array, true)
#5 C:\xampp\htdocs\Lab12_ci\ci4\app\Controllers\Artikel.php(43): view('artikel/admin_i...', Array)
#6 C:\xampp\htdocs\Lab12_ci\ci4\system\CodeIgniter.php(832): App\Controllers\Artikel->admin_index()
#7 C:\xampp\htdocs\Lab12_ci\ci4\system\CodeIgniter.php(419): CodeIgniter\CodeIgniter->runController(Object(App\Controllers\Artikel))
#8 C:\xampp\htdocs\Lab12_ci\ci4\system\CodeIgniter.php(326): CodeIgniter\CodeIgniter->handleRequest(NULL, Object(Config\Cache), false)
#9 C:\xampp\htdocs\Lab12_ci\ci4\public\index.php(37): CodeIgniter\CodeIgniter->run()
#10 C:\xampp\htdocs\Lab12_ci\ci4\system\Commands\Server\rewrite.php(43): require_once('C:\\xampp\\htdocs...')
#11 {main}
CRITICAL - 2025-06-26 01:41:54 --> substr(): Passing null to parameter #1 ($string) of type string is deprecated
#0 [internal function]: CodeIgniter\Debug\Exceptions->errorHandler(8192, 'substr(): Passi...', 'C:\\xampp\\htdocs...', 23)
#1 C:\xampp\htdocs\Lab12_ci\ci4\app\Views\artikel\admin_index.php(23): substr(NULL, 0, 50)
#2 C:\xampp\htdocs\Lab12_ci\ci4\system\View\View.php(210): include('C:\\xampp\\htdocs...')
#3 C:\xampp\htdocs\Lab12_ci\ci4\system\View\View.php(213): CodeIgniter\View\View->CodeIgniter\View\{closure}()
#4 C:\xampp\htdocs\Lab12_ci\ci4\system\Common.php(1089): CodeIgniter\View\View->render('artikel/admin_i...', Array, true)
#5 C:\xampp\htdocs\Lab12_ci\ci4\app\Controllers\Artikel.php(43): view('artikel/admin_i...', Array)
#6 C:\xampp\htdocs\Lab12_ci\ci4\system\CodeIgniter.php(832): App\Controllers\Artikel->admin_index()
#7 C:\xampp\htdocs\Lab12_ci\ci4\system\CodeIgniter.php(419): CodeIgniter\CodeIgniter->runController(Object(App\Controllers\Artikel))
#8 C:\xampp\htdocs\Lab12_ci\ci4\system\CodeIgniter.php(326): CodeIgniter\CodeIgniter->handleRequest(NULL, Object(Config\Cache), false)
#9 C:\xampp\htdocs\Lab12_ci\ci4\public\index.php(37): CodeIgniter\CodeIgniter->run()
#10 C:\xampp\htdocs\Lab12_ci\ci4\system\Commands\Server\rewrite.php(43): require_once('C:\\xampp\\htdocs...')
#11 {main}
CRITICAL - 2025-06-26 01:41:54 --> substr(): Passing null to parameter #1 ($string) of type string is deprecated
#0 [internal function]: CodeIgniter\Debug\Exceptions->errorHandler(8192, 'substr(): Passi...', 'C:\\xampp\\htdocs...', 23)
#1 C:\xampp\htdocs\Lab12_ci\ci4\app\Views\artikel\admin_index.php(23): substr(NULL, 0, 50)
#2 C:\xampp\htdocs\Lab12_ci\ci4\system\View\View.php(210): include('C:\\xampp\\htdocs...')
#3 C:\xampp\htdocs\Lab12_ci\ci4\system\View\View.php(213): CodeIgniter\View\View->CodeIgniter\View\{closure}()
#4 C:\xampp\htdocs\Lab12_ci\ci4\system\Common.php(1089): CodeIgniter\View\View->render('artikel/admin_i...', Array, true)
#5 C:\xampp\htdocs\Lab12_ci\ci4\app\Controllers\Artikel.php(43): view('artikel/admin_i...', Array)
#6 C:\xampp\htdocs\Lab12_ci\ci4\system\CodeIgniter.php(832): App\Controllers\Artikel->admin_index()
#7 C:\xampp\htdocs\Lab12_ci\ci4\system\CodeIgniter.php(419): CodeIgniter\CodeIgniter->runController(Object(App\Controllers\Artikel))
#8 C:\xampp\htdocs\Lab12_ci\ci4\system\CodeIgniter.php(326): CodeIgniter\CodeIgniter->handleRequest(NULL, Object(Config\Cache), false)
#9 C:\xampp\htdocs\Lab12_ci\ci4\public\index.php(37): CodeIgniter\CodeIgniter->run()
#10 C:\xampp\htdocs\Lab12_ci\ci4\system\Commands\Server\rewrite.php(43): require_once('C:\\xampp\\htdocs...')
#11 {main}
CRITICAL - 2025-06-26 01:41:54 --> substr(): Passing null to parameter #1 ($string) of type string is deprecated
#0 [internal function]: CodeIgniter\Debug\Exceptions->errorHandler(8192, 'substr(): Passi...', 'C:\\xampp\\htdocs...', 23)
#1 C:\xampp\htdocs\Lab12_ci\ci4\app\Views\artikel\admin_index.php(23): substr(NULL, 0, 50)
#2 C:\xampp\htdocs\Lab12_ci\ci4\system\View\View.php(210): include('C:\\xampp\\htdocs...')
#3 C:\xampp\htdocs\Lab12_ci\ci4\system\View\View.php(213): CodeIgniter\View\View->CodeIgniter\View\{closure}()
#4 C:\xampp\htdocs\Lab12_ci\ci4\system\Common.php(1089): CodeIgniter\View\View->render('artikel/admin_i...', Array, true)
#5 C:\xampp\htdocs\Lab12_ci\ci4\app\Controllers\Artikel.php(43): view('artikel/admin_i...', Array)
#6 C:\xampp\htdocs\Lab12_ci\ci4\system\CodeIgniter.php(832): App\Controllers\Artikel->admin_index()
#7 C:\xampp\htdocs\Lab12_ci\ci4\system\CodeIgniter.php(419): CodeIgniter\CodeIgniter->runController(Object(App\Controllers\Artikel))
#8 C:\xampp\htdocs\Lab12_ci\ci4\system\CodeIgniter.php(326): CodeIgniter\CodeIgniter->handleRequest(NULL, Object(Config\Cache), false)
#9 C:\xampp\htdocs\Lab12_ci\ci4\public\index.php(37): CodeIgniter\CodeIgniter->run()
#10 C:\xampp\htdocs\Lab12_ci\ci4\system\Commands\Server\rewrite.php(43): require_once('C:\\xampp\\htdocs...')
#11 {main}
CRITICAL - 2025-06-26 01:45:43 --> substr(): Passing null to parameter #1 ($string) of type string is deprecated
#0 [internal function]: CodeIgniter\Debug\Exceptions->errorHandler(8192, 'substr(): Passi...', 'C:\\xampp\\htdocs...', 23)
#1 C:\xampp\htdocs\Lab12_ci\ci4\app\Views\artikel\admin_index.php(23): substr(NULL, 0, 50)
#2 C:\xampp\htdocs\Lab12_ci\ci4\system\View\View.php(210): include('C:\\xampp\\htdocs...')
#3 C:\xampp\htdocs\Lab12_ci\ci4\system\View\View.php(213): CodeIgniter\View\View->CodeIgniter\View\{closure}()
#4 C:\xampp\htdocs\Lab12_ci\ci4\system\Common.php(1089): CodeIgniter\View\View->render('artikel/admin_i...', Array, true)
#5 C:\xampp\htdocs\Lab12_ci\ci4\app\Controllers\Artikel.php(43): view('artikel/admin_i...', Array)
#6 C:\xampp\htdocs\Lab12_ci\ci4\system\CodeIgniter.php(832): App\Controllers\Artikel->admin_index()
#7 C:\xampp\htdocs\Lab12_ci\ci4\system\CodeIgniter.php(419): CodeIgniter\CodeIgniter->runController(Object(App\Controllers\Artikel))
#8 C:\xampp\htdocs\Lab12_ci\ci4\system\CodeIgniter.php(326): CodeIgniter\CodeIgniter->handleRequest(NULL, Object(Config\Cache), false)
#9 C:\xampp\htdocs\Lab12_ci\ci4\public\index.php(37): CodeIgniter\CodeIgniter->run()
#10 C:\xampp\htdocs\Lab12_ci\ci4\system\Commands\Server\rewrite.php(43): require_once('C:\\xampp\\htdocs...')
#11 {main}
CRITICAL - 2025-06-26 01:45:44 --> substr(): Passing null to parameter #1 ($string) of type string is deprecated
#0 [internal function]: CodeIgniter\Debug\Exceptions->errorHandler(8192, 'substr(): Passi...', 'C:\\xampp\\htdocs...', 23)
#1 C:\xampp\htdocs\Lab12_ci\ci4\app\Views\artikel\admin_index.php(23): substr(NULL, 0, 50)
#2 C:\xampp\htdocs\Lab12_ci\ci4\system\View\View.php(210): include('C:\\xampp\\htdocs...')
#3 C:\xampp\htdocs\Lab12_ci\ci4\system\View\View.php(213): CodeIgniter\View\View->CodeIgniter\View\{closure}()
#4 C:\xampp\htdocs\Lab12_ci\ci4\system\Common.php(1089): CodeIgniter\View\View->render('artikel/admin_i...', Array, true)
#5 C:\xampp\htdocs\Lab12_ci\ci4\app\Controllers\Artikel.php(43): view('artikel/admin_i...', Array)
#6 C:\xampp\htdocs\Lab12_ci\ci4\system\CodeIgniter.php(832): App\Controllers\Artikel->admin_index()
#7 C:\xampp\htdocs\Lab12_ci\ci4\system\CodeIgniter.php(419): CodeIgniter\CodeIgniter->runController(Object(App\Controllers\Artikel))
#8 C:\xampp\htdocs\Lab12_ci\ci4\system\CodeIgniter.php(326): CodeIgniter\CodeIgniter->handleRequest(NULL, Object(Config\Cache), false)
#9 C:\xampp\htdocs\Lab12_ci\ci4\public\index.php(37): CodeIgniter\CodeIgniter->run()
#10 C:\xampp\htdocs\Lab12_ci\ci4\system\Commands\Server\rewrite.php(43): require_once('C:\\xampp\\htdocs...')
#11 {main}
CRITICAL - 2025-06-26 01:45:44 --> substr(): Passing null to parameter #1 ($string) of type string is deprecated
#0 [internal function]: CodeIgniter\Debug\Exceptions->errorHandler(8192, 'substr(): Passi...', 'C:\\xampp\\htdocs...', 23)
#1 C:\xampp\htdocs\Lab12_ci\ci4\app\Views\artikel\admin_index.php(23): substr(NULL, 0, 50)
#2 C:\xampp\htdocs\Lab12_ci\ci4\system\View\View.php(210): include('C:\\xampp\\htdocs...')
#3 C:\xampp\htdocs\Lab12_ci\ci4\system\View\View.php(213): CodeIgniter\View\View->CodeIgniter\View\{closure}()
#4 C:\xampp\htdocs\Lab12_ci\ci4\system\Common.php(1089): CodeIgniter\View\View->render('artikel/admin_i...', Array, true)
#5 C:\xampp\htdocs\Lab12_ci\ci4\app\Controllers\Artikel.php(43): view('artikel/admin_i...', Array)
#6 C:\xampp\htdocs\Lab12_ci\ci4\system\CodeIgniter.php(832): App\Controllers\Artikel->admin_index()
#7 C:\xampp\htdocs\Lab12_ci\ci4\system\CodeIgniter.php(419): CodeIgniter\CodeIgniter->runController(Object(App\Controllers\Artikel))
#8 C:\xampp\htdocs\Lab12_ci\ci4\system\CodeIgniter.php(326): CodeIgniter\CodeIgniter->handleRequest(NULL, Object(Config\Cache), false)
#9 C:\xampp\htdocs\Lab12_ci\ci4\public\index.php(37): CodeIgniter\CodeIgniter->run()
#10 C:\xampp\htdocs\Lab12_ci\ci4\system\Commands\Server\rewrite.php(43): require_once('C:\\xampp\\htdocs...')
#11 {main}
CRITICAL - 2025-06-26 01:45:54 --> substr(): Passing null to parameter #1 ($string) of type string is deprecated
#0 [internal function]: CodeIgniter\Debug\Exceptions->errorHandler(8192, 'substr(): Passi...', 'C:\\xampp\\htdocs...', 23)
#1 C:\xampp\htdocs\Lab12_ci\ci4\app\Views\artikel\admin_index.php(23): substr(NULL, 0, 50)
#2 C:\xampp\htdocs\Lab12_ci\ci4\system\View\View.php(210): include('C:\\xampp\\htdocs...')
#3 C:\xampp\htdocs\Lab12_ci\ci4\system\View\View.php(213): CodeIgniter\View\View->CodeIgniter\View\{closure}()
#4 C:\xampp\htdocs\Lab12_ci\ci4\system\Common.php(1089): CodeIgniter\View\View->render('artikel/admin_i...', Array, true)
#5 C:\xampp\htdocs\Lab12_ci\ci4\app\Controllers\Artikel.php(43): view('artikel/admin_i...', Array)
#6 C:\xampp\htdocs\Lab12_ci\ci4\system\CodeIgniter.php(832): App\Controllers\Artikel->admin_index()
#7 C:\xampp\htdocs\Lab12_ci\ci4\system\CodeIgniter.php(419): CodeIgniter\CodeIgniter->runController(Object(App\Controllers\Artikel))
#8 C:\xampp\htdocs\Lab12_ci\ci4\system\CodeIgniter.php(326): CodeIgniter\CodeIgniter->handleRequest(NULL, Object(Config\Cache), false)
#9 C:\xampp\htdocs\Lab12_ci\ci4\public\index.php(37): CodeIgniter\CodeIgniter->run()
#10 C:\xampp\htdocs\Lab12_ci\ci4\system\Commands\Server\rewrite.php(43): require_once('C:\\xampp\\htdocs...')
#11 {main}
CRITICAL - 2025-06-26 01:46:06 --> substr(): Passing null to parameter #1 ($string) of type string is deprecated
#0 [internal function]: CodeIgniter\Debug\Exceptions->errorHandler(8192, 'substr(): Passi...', 'C:\\xampp\\htdocs...', 8)
#1 C:\xampp\htdocs\Lab12_ci\ci4\app\Views\artikel\index.php(8): substr(NULL, 0, 1000)
#2 C:\xampp\htdocs\Lab12_ci\ci4\system\View\View.php(210): include('C:\\xampp\\htdocs...')
#3 C:\xampp\htdocs\Lab12_ci\ci4\system\View\View.php(213): CodeIgniter\View\View->CodeIgniter\View\{closure}()
#4 C:\xampp\htdocs\Lab12_ci\ci4\system\Common.php(1089): CodeIgniter\View\View->render('artikel/index', Array, true)
#5 C:\xampp\htdocs\Lab12_ci\ci4\app\Controllers\Artikel.php(15): view('artikel/index', Array)
#6 C:\xampp\htdocs\Lab12_ci\ci4\system\CodeIgniter.php(832): App\Controllers\Artikel->index()
#7 C:\xampp\htdocs\Lab12_ci\ci4\system\CodeIgniter.php(419): CodeIgniter\CodeIgniter->runController(Object(App\Controllers\Artikel))
#8 C:\xampp\htdocs\Lab12_ci\ci4\system\CodeIgniter.php(326): CodeIgniter\CodeIgniter->handleRequest(NULL, Object(Config\Cache), false)
#9 C:\xampp\htdocs\Lab12_ci\ci4\public\index.php(37): CodeIgniter\CodeIgniter->run()
#10 C:\xampp\htdocs\Lab12_ci\ci4\system\Commands\Server\rewrite.php(43): require_once('C:\\xampp\\htdocs...')
#11 {main}
CRITICAL - 2025-06-26 01:46:09 --> substr(): Passing null to parameter #1 ($string) of type string is deprecated
#0 [internal function]: CodeIgniter\Debug\Exceptions->errorHandler(8192, 'substr(): Passi...', 'C:\\xampp\\htdocs...', 8)
#1 C:\xampp\htdocs\Lab12_ci\ci4\app\Views\artikel\index.php(8): substr(NULL, 0, 1000)
#2 C:\xampp\htdocs\Lab12_ci\ci4\system\View\View.php(210): include('C:\\xampp\\htdocs...')
#3 C:\xampp\htdocs\Lab12_ci\ci4\system\View\View.php(213): CodeIgniter\View\View->CodeIgniter\View\{closure}()
#4 C:\xampp\htdocs\Lab12_ci\ci4\system\Common.php(1089): CodeIgniter\View\View->render('artikel/index', Array, true)
#5 C:\xampp\htdocs\Lab12_ci\ci4\app\Controllers\Artikel.php(15): view('artikel/index', Array)
#6 C:\xampp\htdocs\Lab12_ci\ci4\system\CodeIgniter.php(832): App\Controllers\Artikel->index()
#7 C:\xampp\htdocs\Lab12_ci\ci4\system\CodeIgniter.php(419): CodeIgniter\CodeIgniter->runController(Object(App\Controllers\Artikel))
#8 C:\xampp\htdocs\Lab12_ci\ci4\system\CodeIgniter.php(326): CodeIgniter\CodeIgniter->handleRequest(NULL, Object(Config\Cache), false)
#9 C:\xampp\htdocs\Lab12_ci\ci4\public\index.php(37): CodeIgniter\CodeIgniter->run()
#10 C:\xampp\htdocs\Lab12_ci\ci4\system\Commands\Server\rewrite.php(43): require_once('C:\\xampp\\htdocs...')
#11 {main}
